****                   ADMIXTURE Version 1.3.0                  ****
****                    Copyright 2008-2015                     ****
****           David Alexander, Suyash Shringarpure,            ****
****                John  Novembre, Ken Lange                   ****
****                                                            ****
****                 Please cite our paper!                     ****
****   Information at www.genetics.ucla.edu/software/admixture  ****

Cross-validation will be performed.  Folds=5.
Random seed: 1749206089
Point estimation method: Block relaxation algorithm
Convergence acceleration algorithm: QuasiNewton, 3 secant conditions
Point estimation will terminate at 10 iterations
Estimation of standard errors disabled; will compute point estimates only.
Size of G: 24x1690
Performing five EM steps to prime main algorithm
1 (EM) 	Elapsed: 0	Loglikelihood: -39477.9	(delta): 30311.4
2 (EM) 	Elapsed: 0	Loglikelihood: -39477.9	(delta): 0
3 (EM) 	Elapsed: 0	Loglikelihood: -39477.9	(delta): 0
4 (EM) 	Elapsed: 0	Loglikelihood: -39477.9	(delta): 0
5 (EM) 	Elapsed: 0	Loglikelihood: -39477.9	(delta): 0
Initial loglikelihood: -39477.9
Starting main algorithm
1 (QN/Block) 	Elapsed: 0.002	Loglikelihood: -39477.9	(delta): 0
2 (QN/Block) 	Elapsed: 0.002	Loglikelihood: -39477.9	(delta): 0
3 (QN/Block) 	Elapsed: 0.003	Loglikelihood: -39477.9	(delta): 0
PROBLEM INVERTING MATRIX!
4 (QN/Block) 	Elapsed: 0.003	Loglikelihood: -39477.9	(delta): 0
5 (QN/Block) 	Elapsed: 0.003	Loglikelihood: -39477.9	(delta): 0
6 (QN/Block) 	Elapsed: 0.003	Loglikelihood: -39477.9	(delta): 0
PROBLEM INVERTING MATRIX!
7 (QN/Block) 	Elapsed: 0.003	Loglikelihood: -39477.9	(delta): 0
PROBLEM INVERTING MATRIX!
8 (QN/Block) 	Elapsed: 0.003	Loglikelihood: -39477.9	(delta): 0
PROBLEM INVERTING MATRIX!
9 (QN/Block) 	Elapsed: 0.003	Loglikelihood: -39477.9	(delta): 0
PROBLEM INVERTING MATRIX!
10 (QN/Block) 	Elapsed: 0.003	Loglikelihood: -39477.9	(delta): 0
Summary: 
Converged in 10 iterations (0.038 sec)
Loglikelihood: -39477.915478
CV error (K=1): 1.15536
Writing output files.
