****                   ADMIXTURE Version 1.3.0                  ****
****                    Copyright 2008-2015                     ****
****           David Alexander, Suyash Shringarpure,            ****
****                John  Novembre, Ken Lange                   ****
****                                                            ****
****                 Please cite our paper!                     ****
****   Information at www.genetics.ucla.edu/software/admixture  ****

Cross-validation will be performed.  Folds=5.
Random seed: 1749206089
Point estimation method: Block relaxation algorithm
Convergence acceleration algorithm: QuasiNewton, 3 secant conditions
Point estimation will terminate at 10 iterations
Estimation of standard errors disabled; will compute point estimates only.
Size of G: 24x1690
Performing five EM steps to prime main algorithm
1 (EM) 	Elapsed: 0	Loglikelihood: -40515.2	(delta): 19230.1
2 (EM) 	Elapsed: 0	Loglikelihood: -39196.1	(delta): 1319.04
3 (EM) 	Elapsed: 0	Loglikelihood: -38475.7	(delta): 720.425
4 (EM) 	Elapsed: 0	Loglikelihood: -37776.2	(delta): 699.484
5 (EM) 	Elapsed: 0	Loglikelihood: -36981.3	(delta): 794.933
Initial loglikelihood: -36981.3
Starting main algorithm
1 (QN/Block) 	Elapsed: 0.003	Loglikelihood: -32154.2	(delta): 4827.1
2 (QN/Block) 	Elapsed: 0.003	Loglikelihood: -31010.8	(delta): 1143.41
3 (QN/Block) 	Elapsed: 0.004	Loglikelihood: -30266.6	(delta): 744.154
4 (QN/Block) 	Elapsed: 0.004	Loglikelihood: -29645	(delta): 621.593
5 (QN/Block) 	Elapsed: 0.004	Loglikelihood: -29330.2	(delta): 314.825
6 (QN/Block) 	Elapsed: 0.004	Loglikelihood: -29180.6	(delta): 149.638
7 (QN/Block) 	Elapsed: 0.004	Loglikelihood: -29105.2	(delta): 75.3625
8 (QN/Block) 	Elapsed: 0.004	Loglikelihood: -28843.8	(delta): 261.4
9 (QN/Block) 	Elapsed: 0.004	Loglikelihood: -28524.3	(delta): 319.458
10 (QN/Block) 	Elapsed: 0.004	Loglikelihood: -28407.9	(delta): 116.483
Summary: 
Converged in 10 iterations (0.052 sec)
Loglikelihood: -28407.857504
Fst divergences between estimated populations: 
	Pop0	
Pop0	
Pop1	0.578	
CV error (K=2): 1.07212
Writing output files.
