****                   ADMIXTURE Version 1.3.0                  ****
****                    Copyright 2008-2015                     ****
****           David Alexander, Suyash Shringarpure,            ****
****                John  Novembre, Ken Lange                   ****
****                                                            ****
****                 Please cite our paper!                     ****
****   Information at www.genetics.ucla.edu/software/admixture  ****

Cross-validation will be performed.  Folds=5.
Random seed: 1749206089
Point estimation method: Block relaxation algorithm
Convergence acceleration algorithm: QuasiNewton, 3 secant conditions
Point estimation will terminate at 10 iterations
Estimation of standard errors disabled; will compute point estimates only.
Size of G: 24x1690
Performing five EM steps to prime main algorithm
1 (EM) 	Elapsed: 0.001	Loglikelihood: -40126.2	(delta): 16525.2
2 (EM) 	Elapsed: 0.001	Loglikelihood: -38237.7	(delta): 1888.48
3 (EM) 	Elapsed: 0.001	Loglikelihood: -36858.2	(delta): 1379.56
4 (EM) 	Elapsed: 0.001	Loglikelihood: -35451	(delta): 1407.19
5 (EM) 	Elapsed: 0.001	Loglikelihood: -34110.9	(delta): 1340.07
Initial loglikelihood: -34110.9
Starting main algorithm
1 (QN/Block) 	Elapsed: 0.005	Loglikelihood: -26360.8	(delta): 7750.09
2 (QN/Block) 	Elapsed: 0.005	Loglikelihood: -22689.4	(delta): 3671.46
3 (QN/Block) 	Elapsed: 0.006	Loglikelihood: -21288.5	(delta): 1400.84
4 (QN/Block) 	Elapsed: 0.005	Loglikelihood: -20336.2	(delta): 952.306
5 (QN/Block) 	Elapsed: 0.006	Loglikelihood: -20074.6	(delta): 261.594
6 (QN/Block) 	Elapsed: 0.006	Loglikelihood: -20025.5	(delta): 49.1517
7 (QN/Block) 	Elapsed: 0.006	Loglikelihood: -20005.8	(delta): 19.7045
8 (QN/Block) 	Elapsed: 0.006	Loglikelihood: -19995.1	(delta): 10.6501
9 (QN/Block) 	Elapsed: 0.006	Loglikelihood: -19994.8	(delta): 0.277658
10 (QN/Block) 	Elapsed: 0.006	Loglikelihood: -19994.8	(delta): 0.000486718
Summary: 
Converged in 10 iterations (0.071 sec)
Loglikelihood: -19994.834256
Fst divergences between estimated populations: 
	Pop0	Pop1	
Pop0	
Pop1	0.732	
Pop2	0.622	0.649	
CV error (K=3): 1.09335
Writing output files.
