****                   ADMIXTURE Version 1.3.0                  ****
****                    Copyright 2008-2015                     ****
****           David Alexander, Suyash Shringarpure,            ****
****                John  Novembre, Ken Lange                   ****
****                                                            ****
****                 Please cite our paper!                     ****
****   Information at www.genetics.ucla.edu/software/admixture  ****

Cross-validation will be performed.  Folds=5.
Random seed: 1749206088
Point estimation method: Block relaxation algorithm
Convergence acceleration algorithm: QuasiNewton, 3 secant conditions
Point estimation will terminate at 10 iterations
Estimation of standard errors disabled; will compute point estimates only.
Size of G: 18x1071
Performing five EM steps to prime main algorithm
1 (EM) 	Elapsed: 0	Loglikelihood: -18325	(delta): 16289.4
2 (EM) 	Elapsed: 0	Loglikelihood: -18325	(delta): 0
3 (EM) 	Elapsed: 0	Loglikelihood: -18325	(delta): 0
4 (EM) 	Elapsed: 0	Loglikelihood: -18325	(delta): 0
5 (EM) 	Elapsed: 0	Loglikelihood: -18325	(delta): 0
Initial loglikelihood: -18325
Starting main algorithm
1 (QN/Block) 	Elapsed: 0.001	Loglikelihood: -18325	(delta): 0
2 (QN/Block) 	Elapsed: 0.001	Loglikelihood: -18325	(delta): 0
PROBLEM INVERTING MATRIX!
3 (QN/Block) 	Elapsed: 0.001	Loglikelihood: -18325	(delta): 0
PROBLEM INVERTING MATRIX!
4 (QN/Block) 	Elapsed: 0.001	Loglikelihood: -18325	(delta): 0
PROBLEM INVERTING MATRIX!
5 (QN/Block) 	Elapsed: 0.001	Loglikelihood: -18325	(delta): 0
PROBLEM INVERTING MATRIX!
6 (QN/Block) 	Elapsed: 0.001	Loglikelihood: -18325	(delta): 0
PROBLEM INVERTING MATRIX!
7 (QN/Block) 	Elapsed: 0.001	Loglikelihood: -18325	(delta): 0
PROBLEM INVERTING MATRIX!
8 (QN/Block) 	Elapsed: 0.001	Loglikelihood: -18325	(delta): 0
PROBLEM INVERTING MATRIX!
9 (QN/Block) 	Elapsed: 0.001	Loglikelihood: -18325	(delta): 0
PROBLEM INVERTING MATRIX!
10 (QN/Block) 	Elapsed: 0.001	Loglikelihood: -18325	(delta): 0
Summary: 
Converged in 10 iterations (0.019 sec)
Loglikelihood: -18324.959727
CV error (K=1): 1.39970
Writing output files.
