****                   ADMIXTURE Version 1.3.0                  ****
****                    Copyright 2008-2015                     ****
****           David Alexander, Suyash Shringarpure,            ****
****                John  Novembre, Ken Lange                   ****
****                                                            ****
****                 Please cite our paper!                     ****
****   Information at www.genetics.ucla.edu/software/admixture  ****

Cross-validation will be performed.  Folds=5.
Random seed: 1749206087
Point estimation method: Block relaxation algorithm
Convergence acceleration algorithm: QuasiNewton, 3 secant conditions
Point estimation will terminate at 10 iterations
Estimation of standard errors disabled; will compute point estimates only.
Size of G: 18x593
Performing five EM steps to prime main algorithm
1 (EM) 	Elapsed: 0	Loglikelihood: -11771	(delta): 4829.07
2 (EM) 	Elapsed: 0	Loglikelihood: -11403.8	(delta): 367.216
3 (EM) 	Elapsed: 0	Loglikelihood: -11263.3	(delta): 140.54
4 (EM) 	Elapsed: 0	Loglikelihood: -11191.4	(delta): 71.9088
5 (EM) 	Elapsed: 0	Loglikelihood: -11143.4	(delta): 47.9162
Initial loglikelihood: -11143.4
Starting main algorithm
1 (QN/Block) 	Elapsed: 0.001	Loglikelihood: -6462.88	(delta): 4680.56
2 (QN/Block) 	Elapsed: 0.001	Loglikelihood: -6098.4	(delta): 364.485
3 (QN/Block) 	Elapsed: 0.001	Loglikelihood: -6000.77	(delta): 97.6239
4 (QN/Block) 	Elapsed: 0.001	Loglikelihood: -5923.29	(delta): 77.4885
5 (QN/Block) 	Elapsed: 0.001	Loglikelihood: -5870.68	(delta): 52.6037
6 (QN/Block) 	Elapsed: 0.001	Loglikelihood: -5838.74	(delta): 31.9397
7 (QN/Block) 	Elapsed: 0.001	Loglikelihood: -5825.61	(delta): 13.1305
8 (QN/Block) 	Elapsed: 0.001	Loglikelihood: -5823.61	(delta): 1.99868
9 (QN/Block) 	Elapsed: 0.001	Loglikelihood: -5823.61	(delta): 0.00302437
10 (QN/Block) 	Elapsed: 0.001	Loglikelihood: -5823.61	(delta): 6.00267e-11
Summary: 
Converged in 10 iterations (0.015 sec)
Loglikelihood: -5823.610692
Fst divergences between estimated populations: 
	Pop0	
Pop0	
Pop1	0.828	
CV error (K=2): 0.67236
Writing output files.
