****                   ADMIXTURE Version 1.3.0                  ****
****                    Copyright 2008-2015                     ****
****           David Alexander, Suyash Shringarpure,            ****
****                John  Novembre, Ken Lange                   ****
****                                                            ****
****                 Please cite our paper!                     ****
****   Information at www.genetics.ucla.edu/software/admixture  ****

Cross-validation will be performed.  Folds=5.
Random seed: 1749206088
Point estimation method: Block relaxation algorithm
Convergence acceleration algorithm: QuasiNewton, 3 secant conditions
Point estimation will terminate at 10 iterations
Estimation of standard errors disabled; will compute point estimates only.
Size of G: 18x218
Performing five EM steps to prime main algorithm
1 (EM) 	Elapsed: 0	Loglikelihood: -3915.92	(delta): 1687.91
2 (EM) 	Elapsed: 0	Loglikelihood: -3590.25	(delta): 325.671
3 (EM) 	Elapsed: 0	Loglikelihood: -3188.37	(delta): 401.881
4 (EM) 	Elapsed: 0	Loglikelihood: -2740.28	(delta): 448.094
5 (EM) 	Elapsed: 0	Loglikelihood: -2302.02	(delta): 438.255
Initial loglikelihood: -2302.02
Starting main algorithm
1 (QN/Block) 	Elapsed: 0	Loglikelihood: -1395.15	(delta): 906.87
2 (QN/Block) 	Elapsed: 0	Loglikelihood: -1289.67	(delta): 105.479
3 (QN/Block) 	Elapsed: 0	Loglikelihood: -1235.77	(delta): 53.9083
4 (QN/Block) 	Elapsed: 0	Loglikelihood: -1202.26	(delta): 33.5087
5 (QN/Block) 	Elapsed: 0	Loglikelihood: -1199.26	(delta): 2.9998
6 (QN/Block) 	Elapsed: 0	Loglikelihood: -1192.56	(delta): 6.69783
7 (QN/Block) 	Elapsed: 0	Loglikelihood: -1190.55	(delta): 2.00882
8 (QN/Block) 	Elapsed: 0	Loglikelihood: -1190.5	(delta): 0.0478042
9 (QN/Block) 	Elapsed: 0	Loglikelihood: -1190.5	(delta): 3.13454e-07
10 (QN/Block) 	Elapsed: 0	Loglikelihood: -1190.5	(delta): 4.54747e-13
Summary: 
Converged in 10 iterations (0.005 sec)
Loglikelihood: -1190.502148
Fst divergences between estimated populations: 
	Pop0	
Pop0	
Pop1	0.813	
CV error (K=2): 0.87515
Writing output files.
